{"D:\\Projects\\buddysaradhi\\buddysaradhi\\packages\\core\\src\\ledger.ts": {"path":"D:\\Projects\\buddysaradhi\\buddysaradhi\\packages\\core\\src\\ledger.ts","statementMap":{"0":{"start":{"line":30,"column":8},"end":{"line":30,"column":null}},"1":{"start":{"line":31,"column":2},"end":{"line":31,"column":null}},"2":{"start":{"line":31,"column":16},"end":{"line":31,"column":null}},"3":{"start":{"line":32,"column":2},"end":{"line":32,"column":null}},"4":{"start":{"line":33,"column":2},"end":{"line":33,"column":null}},"5":{"start":{"line":34,"column":2},"end":{"line":34,"column":null}},"6":{"start":{"line":35,"column":2},"end":{"line":35,"column":null}},"7":{"start":{"line":48,"column":2},"end":{"line":50,"column":null}},"8":{"start":{"line":49,"column":4},"end":{"line":49,"column":null}},"9":{"start":{"line":51,"column":2},"end":{"line":53,"column":null}},"10":{"start":{"line":52,"column":4},"end":{"line":52,"column":null}},"11":{"start":{"line":55,"column":8},"end":{"line":55,"column":null}},"12":{"start":{"line":56,"column":14},"end":{"line":56,"column":null}},"13":{"start":{"line":57,"column":17},"end":{"line":57,"column":null}},"14":{"start":{"line":59,"column":2},"end":{"line":148,"column":null}},"15":{"start":{"line":60,"column":25},"end":{"line":134,"column":null}},"16":{"start":{"line":62,"column":24},"end":{"line":66,"column":null}},"17":{"start":{"line":68,"column":27},"end":{"line":68,"column":null}},"18":{"start":{"line":69,"column":36},"end":{"line":69,"column":null}},"19":{"start":{"line":71,"column":6},"end":{"line":74,"column":null}},"20":{"start":{"line":72,"column":8},"end":{"line":72,"column":null}},"21":{"start":{"line":73,"column":8},"end":{"line":73,"column":null}},"22":{"start":{"line":77,"column":25},"end":{"line":77,"column":null}},"23":{"start":{"line":80,"column":22},"end":{"line":83,"column":null}},"24":{"start":{"line":84,"column":6},"end":{"line":84,"column":null}},"25":{"start":{"line":84,"column":20},"end":{"line":84,"column":null}},"26":{"start":{"line":87,"column":22},"end":{"line":95,"column":null}},"27":{"start":{"line":96,"column":23},"end":{"line":96,"column":null}},"28":{"start":{"line":99,"column":23},"end":{"line":116,"column":null}},"29":{"start":{"line":119,"column":12},"end":{"line":119,"column":null}},"30":{"start":{"line":120,"column":6},"end":{"line":131,"column":null}},"31":{"start":{"line":133,"column":6},"end":{"line":133,"column":null}},"32":{"start":{"line":139,"column":4},"end":{"line":143,"column":null}},"33":{"start":{"line":140,"column":7},"end":{"line":140,"column":null}},"34":{"start":{"line":142,"column":7},"end":{"line":142,"column":null}},"35":{"start":{"line":145,"column":4},"end":{"line":145,"column":null}},"36":{"start":{"line":147,"column":4},"end":{"line":147,"column":null}},"37":{"start":{"line":163,"column":2},"end":{"line":213,"column":null}},"38":{"start":{"line":164,"column":4},"end":{"line":210,"column":null}},"39":{"start":{"line":166,"column":23},"end":{"line":168,"column":null}},"40":{"start":{"line":170,"column":6},"end":{"line":172,"column":null}},"41":{"start":{"line":171,"column":8},"end":{"line":171,"column":null}},"42":{"start":{"line":174,"column":6},"end":{"line":176,"column":null}},"43":{"start":{"line":175,"column":8},"end":{"line":175,"column":null}},"44":{"start":{"line":179,"column":25},"end":{"line":189,"column":null}},"45":{"start":{"line":191,"column":6},"end":{"line":193,"column":null}},"46":{"start":{"line":192,"column":8},"end":{"line":192,"column":null}},"47":{"start":{"line":196,"column":6},"end":{"line":207,"column":null}},"48":{"start":{"line":209,"column":6},"end":{"line":209,"column":null}},"49":{"start":{"line":212,"column":4},"end":{"line":212,"column":null}},"50":{"start":{"line":224,"column":20},"end":{"line":228,"column":null}},"51":{"start":{"line":230,"column":2},"end":{"line":230,"column":null}},"52":{"start":{"line":241,"column":2},"end":{"line":284,"column":null}},"53":{"start":{"line":242,"column":20},"end":{"line":245,"column":null}},"54":{"start":{"line":247,"column":25},"end":{"line":247,"column":null}},"55":{"start":{"line":248,"column":34},"end":{"line":248,"column":null}},"56":{"start":{"line":250,"column":20},"end":{"line":253,"column":null}},"57":{"start":{"line":254,"column":4},"end":{"line":254,"column":null}},"58":{"start":{"line":254,"column":18},"end":{"line":254,"column":null}},"59":{"start":{"line":256,"column":4},"end":{"line":279,"column":null}},"60":{"start":{"line":257,"column":6},"end":{"line":257,"column":null}},"61":{"start":{"line":259,"column":6},"end":{"line":261,"column":null}},"62":{"start":{"line":260,"column":8},"end":{"line":260,"column":null}},"63":{"start":{"line":263,"column":22},"end":{"line":271,"column":null}},"64":{"start":{"line":273,"column":27},"end":{"line":273,"column":null}},"65":{"start":{"line":274,"column":6},"end":{"line":276,"column":null}},"66":{"start":{"line":275,"column":8},"end":{"line":275,"column":null}},"67":{"start":{"line":278,"column":6},"end":{"line":278,"column":null}},"68":{"start":{"line":281,"column":4},"end":{"line":281,"column":null}},"69":{"start":{"line":283,"column":4},"end":{"line":283,"column":null}}},"fnMap":{"0":{"name":"computeHash","decl":{"start":{"line":29,"column":9},"end":{"line":29,"column":21}},"loc":{"start":{"line":29,"column":112},"end":{"line":36,"column":null}},"line":29},"1":{"name":"postLedgerEntry","decl":{"start":{"line":44,"column":22},"end":{"line":44,"column":null}},"loc":{"start":{"line":47,"column":27},"end":{"line":149,"column":null}},"line":47},"2":{"name":"(anonymous_2)","decl":{"start":{"line":60,"column":25},"end":{"line":60,"column":32}},"loc":{"start":{"line":60,"column":65},"end":{"line":134,"column":null}},"line":60},"3":{"name":"voidEntry","decl":{"start":{"line":155,"column":22},"end":{"line":155,"column":null}},"loc":{"start":{"line":162,"column":27},"end":{"line":214,"column":null}},"line":162},"4":{"name":"(anonymous_4)","decl":{"start":{"line":164,"column":33},"end":{"line":164,"column":40}},"loc":{"start":{"line":164,"column":47},"end":{"line":210,"column":5}},"line":164},"5":{"name":"computeBalance","decl":{"start":{"line":219,"column":22},"end":{"line":219,"column":null}},"loc":{"start":{"line":223,"column":19},"end":{"line":231,"column":null}},"line":223},"6":{"name":"reconcileLedger","decl":{"start":{"line":236,"column":22},"end":{"line":236,"column":null}},"loc":{"start":{"line":240,"column":28},"end":{"line":285,"column":null}},"line":240}},"branchMap":{"0":{"loc":{"start":{"line":31,"column":2},"end":{"line":31,"column":null}},"type":"if","locations":[{"start":{"line":31,"column":2},"end":{"line":31,"column":null}},{"start":{},"end":{}}],"line":31},"1":{"loc":{"start":{"line":48,"column":2},"end":{"line":50,"column":null}},"type":"if","locations":[{"start":{"line":48,"column":2},"end":{"line":50,"column":null}},{"start":{},"end":{}}],"line":48},"2":{"loc":{"start":{"line":48,"column":6},"end":{"line":48,"column":53}},"type":"binary-expr","locations":[{"start":{"line":48,"column":6},"end":{"line":48,"column":30}},{"start":{"line":48,"column":30},"end":{"line":48,"column":53}}],"line":48},"3":{"loc":{"start":{"line":51,"column":2},"end":{"line":53,"column":null}},"type":"if","locations":[{"start":{"line":51,"column":2},"end":{"line":53,"column":null}},{"start":{},"end":{}}],"line":51},"4":{"loc":{"start":{"line":51,"column":6},"end":{"line":51,"column":83}},"type":"binary-expr","locations":[{"start":{"line":51,"column":6},"end":{"line":51,"column":45}},{"start":{"line":51,"column":45},"end":{"line":51,"column":83}}],"line":51},"5":{"loc":{"start":{"line":57,"column":17},"end":{"line":57,"column":null}},"type":"binary-expr","locations":[{"start":{"line":57,"column":17},"end":{"line":57,"column":33}},{"start":{"line":57,"column":33},"end":{"line":57,"column":null}}],"line":57},"6":{"loc":{"start":{"line":71,"column":6},"end":{"line":74,"column":null}},"type":"if","locations":[{"start":{"line":71,"column":6},"end":{"line":74,"column":null}},{"start":{},"end":{}}],"line":71},"7":{"loc":{"start":{"line":84,"column":6},"end":{"line":84,"column":null}},"type":"if","locations":[{"start":{"line":84,"column":6},"end":{"line":84,"column":null}},{"start":{},"end":{}}],"line":84},"8":{"loc":{"start":{"line":108,"column":23},"end":{"line":108,"column":null}},"type":"binary-expr","locations":[{"start":{"line":108,"column":23},"end":{"line":108,"column":44}},{"start":{"line":108,"column":44},"end":{"line":108,"column":null}}],"line":108},"9":{"loc":{"start":{"line":111,"column":20},"end":{"line":111,"column":null}},"type":"binary-expr","locations":[{"start":{"line":111,"column":20},"end":{"line":111,"column":38}},{"start":{"line":111,"column":38},"end":{"line":111,"column":null}}],"line":111},"10":{"loc":{"start":{"line":139,"column":4},"end":{"line":143,"column":null}},"type":"if","locations":[{"start":{"line":139,"column":4},"end":{"line":143,"column":null}},{"start":{"line":141,"column":11},"end":{"line":143,"column":null}}],"line":139},"11":{"loc":{"start":{"line":170,"column":6},"end":{"line":172,"column":null}},"type":"if","locations":[{"start":{"line":170,"column":6},"end":{"line":172,"column":null}},{"start":{},"end":{}}],"line":170},"12":{"loc":{"start":{"line":174,"column":6},"end":{"line":176,"column":null}},"type":"if","locations":[{"start":{"line":174,"column":6},"end":{"line":176,"column":null}},{"start":{},"end":{}}],"line":174},"13":{"loc":{"start":{"line":191,"column":6},"end":{"line":193,"column":null}},"type":"if","locations":[{"start":{"line":191,"column":6},"end":{"line":193,"column":null}},{"start":{},"end":{}}],"line":191},"14":{"loc":{"start":{"line":230,"column":9},"end":{"line":230,"column":null}},"type":"cond-expr","locations":[{"start":{"line":230,"column":21},"end":{"line":230,"column":51}},{"start":{"line":230,"column":51},"end":{"line":230,"column":null}}],"line":230},"15":{"loc":{"start":{"line":254,"column":4},"end":{"line":254,"column":null}},"type":"if","locations":[{"start":{"line":254,"column":4},"end":{"line":254,"column":null}},{"start":{},"end":{}}],"line":254},"16":{"loc":{"start":{"line":259,"column":6},"end":{"line":261,"column":null}},"type":"if","locations":[{"start":{"line":259,"column":6},"end":{"line":261,"column":null}},{"start":{},"end":{}}],"line":259},"17":{"loc":{"start":{"line":274,"column":6},"end":{"line":276,"column":null}},"type":"if","locations":[{"start":{"line":274,"column":6},"end":{"line":276,"column":null}},{"start":{},"end":{}}],"line":274}},"s":{"0":12,"1":12,"2":11,"3":12,"4":12,"5":12,"6":12,"7":211,"8":100,"9":111,"10":100,"11":11,"12":11,"13":11,"14":211,"15":211,"16":11,"17":11,"18":11,"19":11,"20":11,"21":11,"22":11,"23":11,"24":11,"25":0,"26":11,"27":11,"28":11,"29":11,"30":11,"31":11,"32":211,"33":11,"34":0,"35":11,"36":0,"37":2,"38":2,"39":2,"40":2,"41":0,"42":2,"43":1,"44":1,"45":1,"46":0,"47":1,"48":1,"49":1,"50":1,"51":1,"52":1,"53":1,"54":1,"55":1,"56":1,"57":1,"58":0,"59":1,"60":1,"61":1,"62":0,"63":1,"64":1,"65":1,"66":1,"67":0,"68":0,"69":0},"f":{"0":12,"1":211,"2":11,"3":2,"4":2,"5":1,"6":1},"b":{"0":[11,1],"1":[100,111],"2":[211,111],"3":[100,11],"4":[111,11],"5":[11,10],"6":[11,0],"7":[0,11],"8":[11,10],"9":[11,10],"10":[11,0],"11":[0,2],"12":[1,1],"13":[0,1],"14":[1,0],"15":[0,1],"16":[0,1],"17":[1,0]},"meta":{"lastBranch":18,"lastFunction":7,"lastStatement":70,"seen":{"f:29:9:29:21":0,"s:30:8:30:Infinity":0,"b:31:2:31:Infinity:undefined:undefined:undefined:undefined":0,"s:31:2:31:Infinity":1,"s:31:16:31:Infinity":2,"s:32:2:32:Infinity":3,"s:33:2:33:Infinity":4,"s:34:2:34:Infinity":5,"s:35:2:35:Infinity":6,"f:44:22:44:Infinity":1,"b:48:2:50:Infinity:undefined:undefined:undefined:undefined":1,"s:48:2:50:Infinity":7,"b:48:6:48:30:48:30:48:53":2,"s:49:4:49:Infinity":8,"b:51:2:53:Infinity:undefined:undefined:undefined:undefined":3,"s:51:2:53:Infinity":9,"b:51:6:51:45:51:45:51:83":4,"s:52:4:52:Infinity":10,"s:55:8:55:Infinity":11,"s:56:14:56:Infinity":12,"s:57:17:57:Infinity":13,"b:57:17:57:33:57:33:57:Infinity":5,"s:59:2:148:Infinity":14,"s:60:25:134:Infinity":15,"f:60:25:60:32":2,"s:62:24:66:Infinity":16,"s:68:27:68:Infinity":17,"s:69:36:69:Infinity":18,"b:71:6:74:Infinity:undefined:undefined:undefined:undefined":6,"s:71:6:74:Infinity":19,"s:72:8:72:Infinity":20,"s:73:8:73:Infinity":21,"s:77:25:77:Infinity":22,"s:80:22:83:Infinity":23,"b:84:6:84:Infinity:undefined:undefined:undefined:undefined":7,"s:84:6:84:Infinity":24,"s:84:20:84:Infinity":25,"s:87:22:95:Infinity":26,"s:96:23:96:Infinity":27,"s:99:23:116:Infinity":28,"b:108:23:108:44:108:44:108:Infinity":8,"b:111:20:111:38:111:38:111:Infinity":9,"s:119:12:119:Infinity":29,"s:120:6:131:Infinity":30,"s:133:6:133:Infinity":31,"b:139:4:143:Infinity:141:11:143:Infinity":10,"s:139:4:143:Infinity":32,"s:140:7:140:Infinity":33,"s:142:7:142:Infinity":34,"s:145:4:145:Infinity":35,"s:147:4:147:Infinity":36,"f:155:22:155:Infinity":3,"s:163:2:213:Infinity":37,"s:164:4:210:Infinity":38,"f:164:33:164:40":4,"s:166:23:168:Infinity":39,"b:170:6:172:Infinity:undefined:undefined:undefined:undefined":11,"s:170:6:172:Infinity":40,"s:171:8:171:Infinity":41,"b:174:6:176:Infinity:undefined:undefined:undefined:undefined":12,"s:174:6:176:Infinity":42,"s:175:8:175:Infinity":43,"s:179:25:189:Infinity":44,"b:191:6:193:Infinity:undefined:undefined:undefined:undefined":13,"s:191:6:193:Infinity":45,"s:192:8:192:Infinity":46,"s:196:6:207:Infinity":47,"s:209:6:209:Infinity":48,"s:212:4:212:Infinity":49,"f:219:22:219:Infinity":5,"s:224:20:228:Infinity":50,"s:230:2:230:Infinity":51,"b:230:21:230:51:230:51:230:Infinity":14,"f:236:22:236:Infinity":6,"s:241:2:284:Infinity":52,"s:242:20:245:Infinity":53,"s:247:25:247:Infinity":54,"s:248:34:248:Infinity":55,"s:250:20:253:Infinity":56,"b:254:4:254:Infinity:undefined:undefined:undefined:undefined":15,"s:254:4:254:Infinity":57,"s:254:18:254:Infinity":58,"s:256:4:279:Infinity":59,"s:257:6:257:Infinity":60,"b:259:6:261:Infinity:undefined:undefined:undefined:undefined":16,"s:259:6:261:Infinity":61,"s:260:8:260:Infinity":62,"s:263:22:271:Infinity":63,"s:273:27:273:Infinity":64,"b:274:6:276:Infinity:undefined:undefined:undefined:undefined":17,"s:274:6:276:Infinity":65,"s:275:8:275:Infinity":66,"s:278:6:278:Infinity":67,"s:281:4:281:Infinity":68,"s:283:4:283:Infinity":69},"fnNames":{}}}
}
