<?xml version="1.0" encoding="UTF-8"?>
<coverage generated="1784199621352" clover="3.2.0">
  <project timestamp="1784199621352" name="All files">
    <metrics statements="213" coveredstatements="178" conditionals="3891" coveredconditionals="901" methods="1347" coveredmethods="319" elements="5451" coveredelements="1398" complexity="0" loc="213" ncloc="213" packages="4" files="5" classes="5"/>
    <package name="apps.gateway.src">
      <metrics statements="22" coveredstatements="21" conditionals="11" coveredconditionals="7" methods="3" coveredmethods="3"/>
      <file name="db.ts" path="D:\Projects\buddysaradhi\buddysaradhi\apps\gateway\src\db.ts">
        <metrics statements="22" coveredstatements="21" conditionals="11" coveredconditionals="7" methods="3" coveredmethods="3"/>
        <line num="9" count="1" type="stmt"/>
        <line num="10" count="1" type="stmt"/>
        <line num="13" count="1" type="cond" truecount="1" falsecount="1"/>
        <line num="14" count="1" type="stmt"/>
        <line num="15" count="1" type="cond" truecount="4" falsecount="1"/>
        <line num="16" count="0" type="stmt"/>
        <line num="18" count="1" type="stmt"/>
        <line num="19" count="1" type="stmt"/>
        <line num="23" count="1" type="stmt"/>
        <line num="24" count="1" type="stmt"/>
        <line num="25" count="1" type="cond" truecount="1" falsecount="1"/>
        <line num="26" count="1" type="stmt"/>
        <line num="27" count="1" type="stmt"/>
        <line num="28" count="1" type="stmt"/>
        <line num="32" count="1" type="stmt"/>
        <line num="33" count="1" type="stmt"/>
        <line num="34" count="1" type="cond" truecount="1" falsecount="1"/>
        <line num="36" count="1" type="stmt"/>
        <line num="37" count="1" type="stmt"/>
        <line num="40" count="1" type="stmt"/>
        <line num="42" count="1" type="stmt"/>
        <line num="43" count="1" type="stmt"/>
      </file>
      <file name="prisma-client.ts" path="D:\Projects\buddysaradhi\buddysaradhi\apps\gateway\src\prisma-client.ts">
        <metrics statements="0" coveredstatements="0" conditionals="0" coveredconditionals="0" methods="0" coveredmethods="0"/>
      </file>
    </package>
    <package name="apps.gateway.src.prisma">
      <metrics statements="73" coveredstatements="68" conditionals="8" coveredconditionals="4" methods="1" coveredmethods="0"/>
      <file name="index.js" path="D:\Projects\buddysaradhi\buddysaradhi\apps\gateway\src\prisma\index.js">
        <metrics statements="73" coveredstatements="68" conditionals="8" coveredconditionals="4" methods="1" coveredmethods="0"/>
        <line num="2" count="1" type="stmt"/>
        <line num="26" count="1" type="stmt"/>
        <line num="29" count="1" type="stmt"/>
        <line num="31" count="1" type="stmt"/>
        <line num="32" count="1" type="stmt"/>
        <line num="38" count="1" type="stmt"/>
        <line num="43" count="1" type="stmt"/>
        <line num="44" count="1" type="stmt"/>
        <line num="45" count="1" type="stmt"/>
        <line num="46" count="1" type="stmt"/>
        <line num="47" count="1" type="stmt"/>
        <line num="48" count="1" type="stmt"/>
        <line num="49" count="1" type="stmt"/>
        <line num="54" count="1" type="stmt"/>
        <line num="55" count="1" type="stmt"/>
        <line num="56" count="1" type="stmt"/>
        <line num="57" count="1" type="stmt"/>
        <line num="58" count="1" type="stmt"/>
        <line num="63" count="1" type="stmt"/>
        <line num="64" count="1" type="stmt"/>
        <line num="69" count="1" type="stmt"/>
        <line num="70" count="1" type="stmt"/>
        <line num="71" count="1" type="stmt"/>
        <line num="73" count="1" type="stmt"/>
        <line num="82" count="1" type="stmt"/>
        <line num="87" count="1" type="stmt"/>
        <line num="91" count="1" type="stmt"/>
        <line num="129" count="1" type="stmt"/>
        <line num="142" count="1" type="stmt"/>
        <line num="154" count="1" type="stmt"/>
        <line num="182" count="1" type="stmt"/>
        <line num="196" count="1" type="stmt"/>
        <line num="208" count="1" type="stmt"/>
        <line num="218" count="1" type="stmt"/>
        <line num="223" count="1" type="stmt"/>
        <line num="236" count="1" type="stmt"/>
        <line num="249" count="1" type="stmt"/>
        <line num="264" count="1" type="stmt"/>
        <line num="278" count="1" type="stmt"/>
        <line num="297" count="1" type="stmt"/>
        <line num="310" count="1" type="stmt"/>
        <line num="331" count="1" type="stmt"/>
        <line num="357" count="1" type="stmt"/>
        <line num="376" count="1" type="stmt"/>
        <line num="390" count="1" type="stmt"/>
        <line num="403" count="1" type="stmt"/>
        <line num="414" count="1" type="stmt"/>
        <line num="428" count="1" type="stmt"/>
        <line num="443" count="1" type="stmt"/>
        <line num="455" count="1" type="stmt"/>
        <line num="460" count="1" type="stmt"/>
        <line num="466" count="1" type="stmt"/>
        <line num="494" count="1" type="stmt"/>
        <line num="545" count="1" type="stmt"/>
        <line num="547" count="1" type="stmt"/>
        <line num="548" count="1" type="cond" truecount="1" falsecount="1"/>
        <line num="549" count="0" type="stmt"/>
        <line num="554" count="0" type="cond" truecount="0" falsecount="2"/>
        <line num="555" count="0" type="stmt"/>
        <line num="558" count="0" type="stmt"/>
        <line num="559" count="0" type="stmt"/>
        <line num="562" count="1" type="stmt"/>
        <line num="563" count="1" type="stmt"/>
        <line num="564" count="1" type="stmt"/>
        <line num="567" count="1" type="stmt"/>
        <line num="569" count="1" type="stmt"/>
        <line num="574" count="1" type="stmt"/>
        <line num="575" count="1" type="stmt"/>
        <line num="576" count="1" type="stmt"/>
        <line num="579" count="1" type="stmt"/>
        <line num="580" count="1" type="stmt"/>
        <line num="582" count="1" type="stmt"/>
        <line num="583" count="1" type="stmt"/>
      </file>
    </package>
    <package name="apps.gateway.src.prisma.runtime">
      <metrics statements="50" coveredstatements="26" conditionals="3836" coveredconditionals="859" methods="1336" coveredmethods="309"/>
      <file name="library.js" path="D:\Projects\buddysaradhi\buddysaradhi\apps\gateway\src\prisma\runtime\library.js">
        <metrics statements="50" coveredstatements="26" conditionals="3836" coveredconditionals="859" methods="1336" coveredmethods="309"/>
        <line num="1" count="882" type="cond" truecount="116" falsecount="90"/>
        <line num="2" count="0" type="cond" truecount="2" falsecount="2"/>
        <line num="3" count="186" type="cond" truecount="49" falsecount="93"/>
        <line num="4" count="3" type="cond" truecount="36" falsecount="154"/>
        <line num="5" count="4" type="cond" truecount="7" falsecount="32"/>
        <line num="6" count="79" type="cond" truecount="48" falsecount="22"/>
        <line num="9" count="1" type="cond" truecount="23" falsecount="1"/>
        <line num="10" count="1" type="cond" truecount="12" falsecount="2"/>
        <line num="12" count="1" type="stmt"/>
        <line num="16" count="1" type="cond" truecount="3" falsecount="1"/>
        <line num="18" count="1" type="cond" truecount="2" falsecount="21"/>
        <line num="20" count="1" type="cond" truecount="1" falsecount="5"/>
        <line num="21" count="1404" type="cond" truecount="258" falsecount="1066"/>
        <line num="22" count="0" type="stmt"/>
        <line num="23" count="0" type="stmt"/>
        <line num="24" count="0" type="stmt"/>
        <line num="25" count="79" type="cond" truecount="2" falsecount="38"/>
        <line num="26" count="158" type="cond" truecount="25" falsecount="14"/>
        <line num="27" count="592" type="cond" truecount="15" falsecount="60"/>
        <line num="28" count="1509" type="cond" truecount="46" falsecount="90"/>
        <line num="29" count="79" type="cond" truecount="77" falsecount="231"/>
        <line num="30" count="0" type="stmt"/>
        <line num="31" count="97" type="cond" truecount="52" falsecount="223"/>
        <line num="33" count="1" type="cond" truecount="2" falsecount="22"/>
        <line num="35" count="1" type="stmt"/>
        <line num="36" count="0" type="stmt"/>
        <line num="37" count="0" type="stmt"/>
        <line num="42" count="1" type="stmt"/>
        <line num="43" count="0" type="cond" truecount="0" falsecount="2"/>
        <line num="45" count="0" type="stmt"/>
        <line num="52" count="0" type="stmt"/>
        <line num="57" count="0" type="stmt"/>
        <line num="64" count="79" type="cond" truecount="3" falsecount="28"/>
        <line num="65" count="0" type="stmt"/>
        <line num="66" count="170" type="cond" truecount="0" falsecount="7"/>
        <line num="69" count="0" type="stmt"/>
        <line num="101" count="35" type="stmt"/>
        <line num="110" count="79" type="cond" truecount="22" falsecount="78"/>
        <line num="111" count="79" type="cond" truecount="56" falsecount="133"/>
        <line num="112" count="0" type="cond" truecount="0" falsecount="50"/>
        <line num="113" count="0" type="cond" truecount="0" falsecount="47"/>
        <line num="114" count="0" type="cond" truecount="0" falsecount="49"/>
        <line num="121" count="0" type="cond" truecount="0" falsecount="150"/>
        <line num="122" count="0" type="cond" truecount="0" falsecount="14"/>
        <line num="123" count="0" type="cond" truecount="0" falsecount="6"/>
        <line num="124" count="0" type="cond" truecount="0" falsecount="2"/>
        <line num="125" count="0" type="cond" truecount="0" falsecount="12"/>
        <line num="126" count="0" type="cond" truecount="0" falsecount="78"/>
        <line num="130" count="0" type="cond" truecount="0" falsecount="138"/>
        <line num="131" count="0" type="cond" truecount="0" falsecount="14"/>
      </file>
    </package>
    <package name="packages.core.src">
      <metrics statements="68" coveredstatements="63" conditionals="36" coveredconditionals="31" methods="7" coveredmethods="7"/>
      <file name="ledger.ts" path="D:\Projects\buddysaradhi\buddysaradhi\packages\core\src\ledger.ts">
        <metrics statements="68" coveredstatements="63" conditionals="36" coveredconditionals="31" methods="7" coveredmethods="7"/>
        <line num="34" count="19" type="stmt"/>
        <line num="35" count="19" type="cond" truecount="2" falsecount="0"/>
        <line num="36" count="19" type="stmt"/>
        <line num="37" count="19" type="stmt"/>
        <line num="38" count="19" type="stmt"/>
        <line num="39" count="19" type="stmt"/>
        <line num="52" count="11" type="cond" truecount="4" falsecount="0"/>
        <line num="53" count="1" type="stmt"/>
        <line num="55" count="10" type="cond" truecount="2" falsecount="0"/>
        <line num="59" count="1" type="stmt"/>
        <line num="62" count="9" type="stmt"/>
        <line num="63" count="9" type="stmt"/>
        <line num="64" count="9" type="cond" truecount="2" falsecount="0"/>
        <line num="66" count="11" type="stmt"/>
        <line num="67" count="11" type="stmt"/>
        <line num="69" count="9" type="stmt"/>
        <line num="75" count="9" type="stmt"/>
        <line num="76" count="9" type="stmt"/>
        <line num="78" count="9" type="cond" truecount="2" falsecount="0"/>
        <line num="79" count="4" type="stmt"/>
        <line num="80" count="4" type="stmt"/>
        <line num="84" count="9" type="stmt"/>
        <line num="87" count="9" type="stmt"/>
        <line num="91" count="9" type="cond" truecount="2" falsecount="0"/>
        <line num="94" count="8" type="stmt"/>
        <line num="103" count="8" type="stmt"/>
        <line num="111" count="8" type="stmt"/>
        <line num="131" count="8" type="stmt"/>
        <line num="137" count="8" type="stmt"/>
        <line num="138" count="8" type="stmt"/>
        <line num="151" count="8" type="stmt"/>
        <line num="157" count="11" type="cond" truecount="2" falsecount="0"/>
        <line num="158" count="8" type="stmt"/>
        <line num="160" count="1" type="stmt"/>
        <line num="163" count="8" type="stmt"/>
        <line num="165" count="1" type="stmt"/>
        <line num="181" count="1" type="stmt"/>
        <line num="182" count="1" type="stmt"/>
        <line num="184" count="1" type="stmt"/>
        <line num="188" count="1" type="cond" truecount="1" falsecount="1"/>
        <line num="189" count="0" type="stmt"/>
        <line num="192" count="1" type="cond" truecount="1" falsecount="1"/>
        <line num="193" count="0" type="stmt"/>
        <line num="197" count="1" type="stmt"/>
        <line num="209" count="1" type="cond" truecount="1" falsecount="1"/>
        <line num="210" count="0" type="stmt"/>
        <line num="214" count="1" type="stmt"/>
        <line num="227" count="1" type="stmt"/>
        <line num="230" count="0" type="stmt"/>
        <line num="242" count="4" type="stmt"/>
        <line num="248" count="4" type="cond" truecount="1" falsecount="1"/>
        <line num="259" count="6" type="stmt"/>
        <line num="260" count="6" type="stmt"/>
        <line num="265" count="6" type="stmt"/>
        <line num="266" count="6" type="stmt"/>
        <line num="268" count="6" type="stmt"/>
        <line num="272" count="6" type="cond" truecount="1" falsecount="1"/>
        <line num="274" count="6" type="stmt"/>
        <line num="275" count="12" type="stmt"/>
        <line num="277" count="12" type="cond" truecount="2" falsecount="0"/>
        <line num="278" count="1" type="stmt"/>
        <line num="286" count="11" type="stmt"/>
        <line num="296" count="11" type="stmt"/>
        <line num="302" count="11" type="cond" truecount="2" falsecount="0"/>
        <line num="303" count="1" type="stmt"/>
        <line num="311" count="10" type="stmt"/>
        <line num="314" count="4" type="stmt"/>
        <line num="316" count="0" type="stmt"/>
      </file>
    </package>
  </project>
</coverage>
